<?xml version="1.0" encoding="UTF-8" ?>
<testsuite tests="6" failures="0" name="client.TestPhotoAlbumClient" time="2.044" errors="0" skipped="0">
  <properties>
[...]
</properties>
  <testcase classname="client.TestPhotoAlbumClient" name="verifyAlbumId100" time="1.236"/>
  <testcase classname="client.TestPhotoAlbumClient" name="verifyNumberTracks" time="0.17"/>
  <testcase classname="client.TestPhotoAlbumClient" name="connected" time="0.2"/>
  <testcase classname="client.TestPhotoAlbumClient" name="contentType" time="0.11"/>
  <testcase classname="client.TestPhotoAlbumClient" name="path" time="0.143"/>
  <testcase classname="client.TestPhotoAlbumClient" name="invalidAlbum" time="0.185"/>
</testsuite>